[    0.000000] Linux version 4.15.0-124-generic (buildd@lgw01-amd64-029) (gcc version 7.5.0 (Ubuntu 7.5.0-3ubuntu1~18.04)) #127-Ubuntu SMP Fri Nov 6 10:54:43 UTC 2020 (Ubuntu 4.15.0-124.127-generic 4.15.18)
[    0.000000] Command line: BOOT_IMAGE=/boot/vmlinuz-4.15.0-124-generic root=LABEL=cloudimg-rootfs ro console=tty1 console=ttyS0
[    0.000000] KERNEL supported cpus:
[    0.000000]   Intel GenuineIntel
[    0.000000]   AMD AuthenticAMD
[    0.000000]   Centaur CentaurHauls
[    0.000000] x86/fpu: x87 FPU will use FXSAVE
[    0.000000] e820: BIOS-provided physical RAM map:
[    0.000000] BIOS-e820: [mem 0x0000000000000000-0x000000000009fbff] usable
[    0.000000] BIOS-e820: [mem 0x000000000009fc00-0x000000000009ffff] reserved
[    0.000000] BIOS-e820: [mem 0x00000000000f0000-0x00000000000fffff] reserved
[    0.000000] BIOS-e820: [mem 0x0000000000100000-0x000000003ffeffff] usable
[    0.000000] BIOS-e820: [mem 0x000000003fff0000-0x000000003fffffff] ACPI data
[    0.000000] BIOS-e820: [mem 0x00000000fec00000-0x00000000fec00fff] reserved
[    0.000000] BIOS-e820: [mem 0x00000000fee00000-0x00000000fee00fff] reserved
[    0.000000] BIOS-e820: [mem 0x00000000fffc0000-0x00000000ffffffff] reserved
[    0.000000] NX (Execute Disable) protection: active
[    0.000000] SMBIOS 2.5 present.
[    0.000000] DMI: innotek GmbH VirtualBox/VirtualBox, BIOS VirtualBox 12/01/2006
[    0.000000] Hypervisor detected: KVM
[    0.000000] e820: last_pfn = 0x3fff0 max_arch_pfn = 0x400000000
[    0.000000] MTRR: Disabled
[    0.000000] x86/PAT: MTRRs disabled, skipping PAT initialization too.
[    0.000000] CPU MTRRs all blank - virtualized system.
[    0.000000] x86/PAT: Configuration [0-7]: WB  WT  UC- UC  WB  WT  UC- UC  
[    0.000000] found SMP MP-table at [mem 0x0009fff0-0x0009ffff]
[    0.000000] Scanning 1 areas for low memory corruption
[    0.000000] RAMDISK: [mem 0x35a67000-0x36d2afff]
[    0.000000] ACPI: Early table checksum verification disabled
[    0.000000] ACPI: RSDP 0x00000000000E0000 000024 (v02 VBOX  )
[    0.000000] ACPI: XSDT 0x000000003FFF0030 00003C (v01 VBOX   VBOXXSDT 00000001 ASL  00000061)
[    0.000000] ACPI: FACP 0x000000003FFF00F0 0000F4 (v04 VBOX   VBOXFACP 00000001 ASL  00000061)
[    0.000000] ACPI: DSDT 0x000000003FFF0470 002325 (v02 VBOX   VBOXBIOS 00000002 INTL 20100528)
[    0.000000] ACPI: FACS 0x000000003FFF0200 000040
[    0.000000] ACPI: FACS 0x000000003FFF0200 000040
[    0.000000] ACPI: APIC 0x000000003FFF0240 000054 (v02 VBOX   VBOXAPIC 00000001 ASL  00000061)
[    0.000000] ACPI: SSDT 0x000000003FFF02A0 0001CC (v01 VBOX   VBOXCPUT 00000002 INTL 20100528)
[    0.000000] No NUMA configuration found
[    0.000000] Faking a node at [mem 0x0000000000000000-0x000000003ffeffff]
[    0.000000] NODE_DATA(0) allocated [mem 0x3ffc5000-0x3ffeffff]
[    0.000000] kvm-clock: cpu 0, msr 0:3ff44001, primary cpu clock
[    0.000000] kvm-clock: Using msrs 4b564d01 and 4b564d00
[    0.000000] kvm-clock: using sched offset of 4681186178 cycles
[    0.000000] clocksource: kvm-clock: mask: 0xffffffffffffffff max_cycles: 0x1cd42e4dffb, max_idle_ns: 881590591483 ns
[    0.000000] Zone ranges:
[    0.000000]   DMA      [mem 0x0000000000001000-0x0000000000ffffff]
[    0.000000]   DMA32    [mem 0x0000000001000000-0x000000003ffeffff]
[    0.000000]   Normal   empty
[    0.000000]   Device   empty
[    0.000000] Movable zone start for each node
[    0.000000] Early memory node ranges
[    0.000000]   node   0: [mem 0x0000000000001000-0x000000000009efff]
[    0.000000]   node   0: [mem 0x0000000000100000-0x000000003ffeffff]
[    0.000000] Reserved but unavailable: 98 pages
[    0.000000] Initmem setup node 0 [mem 0x0000000000001000-0x000000003ffeffff]
[    0.000000] ACPI: PM-Timer IO Port: 0x4008
[    0.000000] IOAPIC[0]: apic_id 1, version 32, address 0xfec00000, GSI 0-23
[    0.000000] ACPI: INT_SRC_OVR (bus 0 bus_irq 0 global_irq 2 dfl dfl)
[    0.000000] ACPI: INT_SRC_OVR (bus 0 bus_irq 9 global_irq 9 low level)
[    0.000000] Using ACPI (MADT) for SMP configuration information
[    0.000000] smpboot: Allowing 1 CPUs, 0 hotplug CPUs
[    0.000000] PM: Registered nosave memory: [mem 0x00000000-0x00000fff]
[    0.000000] PM: Registered nosave memory: [mem 0x0009f000-0x0009ffff]
[    0.000000] PM: Registered nosave memory: [mem 0x000a0000-0x000effff]
[    0.000000] PM: Registered nosave memory: [mem 0x000f0000-0x000fffff]
[    0.000000] e820: [mem 0x40000000-0xfebfffff] available for PCI devices
[    0.000000] Booting paravirtualized kernel on KVM
[    0.000000] clocksource: refined-jiffies: mask: 0xffffffff max_cycles: 0xffffffff, max_idle_ns: 7645519600211568 ns
[    0.000000] random: get_random_bytes called from start_kernel+0x99/0x500 with crng_init=0
[    0.000000] setup_percpu: NR_CPUS:8192 nr_cpumask_bits:1 nr_cpu_ids:1 nr_node_ids:1
[    0.000000] percpu: Embedded 45 pages/cpu s147456 r8192 d28672 u2097152
[    0.000000] PV qspinlock hash table entries: 256 (order: 0, 4096 bytes)
[    0.000000] Built 1 zonelists, mobility grouping on.  Total pages: 257913
[    0.000000] Policy zone: DMA32
[    0.000000] Kernel command line: BOOT_IMAGE=/boot/vmlinuz-4.15.0-124-generic root=LABEL=cloudimg-rootfs ro console=tty1 console=ttyS0
[    0.000000] Memory: 983212K/1048120K available (12300K kernel code, 2482K rwdata, 4272K rodata, 2436K init, 2724K bss, 64908K reserved, 0K cma-reserved)
[    0.000000] SLUB: HWalign=64, Order=0-3, MinObjects=0, CPUs=1, Nodes=1
[    0.000000] Kernel/User page tables isolation: enabled
[    0.000000] ftrace: allocating 39402 entries in 154 pages
[    0.004000] Hierarchical RCU implementation.
[    0.004000] 	RCU restricting CPUs from NR_CPUS=8192 to nr_cpu_ids=1.
[    0.004000] 	Tasks RCU enabled.
[    0.004000] RCU: Adjusting geometry for rcu_fanout_leaf=16, nr_cpu_ids=1
[    0.004000] NR_IRQS: 524544, nr_irqs: 256, preallocated irqs: 16
[    0.004000] Console: colour VGA+ 80x25
[    0.004000] console [tty1] enabled
[    0.004000] console [ttyS0] enabled
[    0.004000] ACPI: Core revision 20170831
[    0.004000] ACPI: 2 ACPI AML tables successfully acquired and loaded
[    0.004000] APIC: Switch to symmetric I/O mode setup
[    0.004000] ..TIMER: vector=0x30 apic1=0 pin1=2 apic2=-1 pin2=-1
[    0.004004] tsc: Detected 3192.008 MHz processor
[    0.008009] Calibrating delay loop (skipped) preset value.. 6384.01 BogoMIPS (lpj=12768032)
[    0.012010] pid_max: default: 32768 minimum: 301
[    0.016074] Security Framework initialized
[    0.018512] Yama: becoming mindful.
[    0.020045] AppArmor: AppArmor initialized
[    0.028702] Dentry cache hash table entries: 131072 (order: 8, 1048576 bytes)
[    0.033661] Inode-cache hash table entries: 65536 (order: 7, 524288 bytes)
[    0.036076] Mount-cache hash table entries: 2048 (order: 2, 16384 bytes)
[    0.040098] Mountpoint-cache hash table entries: 2048 (order: 2, 16384 bytes)
[    0.044970] Last level iTLB entries: 4KB 64, 2MB 8, 4MB 8
[    0.048002] Last level dTLB entries: 4KB 64, 2MB 0, 4MB 0, 1GB 4
[    0.052003] Spectre V1 : Mitigation: usercopy/swapgs barriers and __user pointer sanitization
[    0.056003] Spectre V2 : Mitigation: Full generic retpoline
[    0.060002] Spectre V2 : Spectre v2 / SpectreRSB mitigation: Filling RSB on context switch
[    0.064002] Speculative Store Bypass: Vulnerable
[    0.068032] MDS: Vulnerable: Clear CPU buffers attempted, no microcode
[    0.080017] Freeing SMP alternatives memory: 36K
[    0.192364] smpboot: CPU0: Intel(R) Core(TM) i7-8700 CPU @ 3.20GHz (family: 0x6, model: 0x9e, stepping: 0xa)
[    0.196367] Performance Events: unsupported p6 CPU model 158 no PMU driver, software events only.
[    0.200089] Hierarchical SRCU implementation.
[    0.204714] NMI watchdog: Perf event create on CPU 0 failed with -2
[    0.208002] NMI watchdog: Perf NMI watchdog permanently disabled
[    0.212201] smp: Bringing up secondary CPUs ...
[    0.216002] smp: Brought up 1 node, 1 CPU
[    0.220002] smpboot: Max logical packages: 1
[    0.222780] smpboot: Total of 1 processors activated (6384.01 BogoMIPS)
[    0.224245] devtmpfs: initialized
[    0.228070] x86/mm: Memory block size: 128MB
[    0.232340] evm: security.selinux
[    0.236003] evm: security.SMACK64
[    0.238874] evm: security.SMACK64EXEC
[    0.240002] evm: security.SMACK64TRANSMUTE
[    0.244002] evm: security.SMACK64MMAP
[    0.248002] evm: security.apparmor
[    0.250300] evm: security.ima
[    0.252002] evm: security.capability
[    0.254301] clocksource: jiffies: mask: 0xffffffff max_cycles: 0xffffffff, max_idle_ns: 7645041785100000 ns
[    0.256005] futex hash table entries: 256 (order: 2, 16384 bytes)
[    0.260083] pinctrl core: initialized pinctrl subsystem
[    0.264278] RTC time:  8:55:43, date: 03/11/21
[    0.267510] NET: Registered protocol family 16
[    0.268096] audit: initializing netlink subsys (disabled)
[    0.272512] cpuidle: using governor ladder
[    0.276004] audit: type=2000 audit(1615452949.025:1): state=initialized audit_enabled=0 res=1
[    0.280004] cpuidle: using governor menu
[    0.282234] ACPI: bus type PCI registered
[    0.284002] acpiphp: ACPI Hot Plug PCI Controller Driver version: 0.5
[    0.288328] PCI: Using configuration type 1 for base access
[    0.296253] HugeTLB registered 2.00 MiB page size, pre-allocated 0 pages
[    0.300660] ACPI: Added _OSI(Module Device)
[    0.304007] ACPI: Added _OSI(Processor Device)
[    0.308002] ACPI: Added _OSI(3.0 _SCP Extensions)
[    0.312002] ACPI: Added _OSI(Processor Aggregator Device)
[    0.315365] ACPI: Added _OSI(Linux-Dell-Video)
[    0.316002] ACPI: Added _OSI(Linux-Lenovo-NV-HDMI-Audio)
[    0.320002] ACPI: Added _OSI(Linux-HPI-Hybrid-Graphics)
[    0.324570] ACPI: Executed 1 blocks of module-level executable AML code
[    0.332240] ACPI: Interpreter enabled
[    0.334813] ACPI: (supports S0 S5)
[    0.336002] ACPI: Using IOAPIC for interrupt routing
[    0.340282] PCI: Using host bridge windows from ACPI; if necessary, use "pci=nocrs" and report a bug
[    0.344157] ACPI: Enabled 2 GPEs in block 00 to 07
[    0.354507] ACPI: PCI Root Bridge [PCI0] (domain 0000 [bus 00-ff])
[    0.356006] acpi PNP0A03:00: _OSC: OS supports [ASPM ClockPM Segments MSI]
[    0.360546] acpi PNP0A03:00: _OSC: not requesting OS control; OS requires [ExtendedConfig ASPM ClockPM MSI]
[    0.364009] acpi PNP0A03:00: fail to add MMCONFIG information, can't access extended PCI configuration space under this bridge.
[    0.368445] PCI host bridge to bus 0000:00
[    0.372003] pci_bus 0000:00: root bus resource [io  0x0000-0x0cf7 window]
[    0.376003] pci_bus 0000:00: root bus resource [io  0x0d00-0xffff window]
[    0.380003] pci_bus 0000:00: root bus resource [mem 0x000a0000-0x000bffff window]
[    0.384003] pci_bus 0000:00: root bus resource [mem 0x40000000-0xfdffffff window]
[    0.388003] pci_bus 0000:00: root bus resource [bus 00-ff]
[    0.394876] pci 0000:00:01.1: legacy IDE quirk: reg 0x10: [io  0x01f0-0x01f7]
[    0.396003] pci 0000:00:01.1: legacy IDE quirk: reg 0x14: [io  0x03f6]
[    0.399417] pci 0000:00:01.1: legacy IDE quirk: reg 0x18: [io  0x0170-0x0177]
[    0.400003] pci 0000:00:01.1: legacy IDE quirk: reg 0x1c: [io  0x0376]
[    0.468541] pci 0000:00:07.0: quirk: [io  0x4000-0x403f] claimed by PIIX4 ACPI
[    0.472021] pci 0000:00:07.0: quirk: [io  0x4100-0x410f] claimed by PIIX4 SMB
[    0.486514] ACPI: PCI Interrupt Link [LNKA] (IRQs 5 9 10 *11)
[    0.492144] ACPI: PCI Interrupt Link [LNKB] (IRQs 5 9 *10 11)
[    0.496138] ACPI: PCI Interrupt Link [LNKC] (IRQs 5 *9 10 11)
[    0.500133] ACPI: PCI Interrupt Link [LNKD] (IRQs 5 9 10 *11)
[    0.504610] SCSI subsystem initialized
[    0.508219] pci 0000:00:02.0: vgaarb: setting as boot VGA device
[    0.512000] pci 0000:00:02.0: vgaarb: VGA device added: decodes=io+mem,owns=io+mem,locks=none
[    0.512004] pci 0000:00:02.0: vgaarb: bridge control possible
[    0.516002] vgaarb: loaded
[    0.520051] ACPI: bus type USB registered
[    0.524035] usbcore: registered new interface driver usbfs
[    0.528008] usbcore: registered new interface driver hub
[    0.532012] usbcore: registered new device driver usb
[    0.536125] EDAC MC: Ver: 3.0.0
[    0.540607] PCI: Using ACPI for IRQ routing
[    0.544448] NetLabel: Initializing
[    0.548002] NetLabel:  domain hash size = 128
[    0.552001] NetLabel:  protocols = UNLABELED CIPSOv4 CALIPSO
[    0.556078] NetLabel:  unlabeled traffic allowed by default
[    0.560175] clocksource: Switched to clocksource kvm-clock
[    0.608409] VFS: Disk quotas dquot_6.6.0
[    0.611231] VFS: Dquot-cache hash table entries: 512 (order 0, 4096 bytes)
[    0.616000] AppArmor: AppArmor Filesystem Enabled
[    0.619422] pnp: PnP ACPI init
[    0.623071] pnp: PnP ACPI: found 3 devices
[    0.632899] clocksource: acpi_pm: mask: 0xffffff max_cycles: 0xffffff, max_idle_ns: 2085701024 ns
[    0.638456] NET: Registered protocol family 2
[    0.641995] TCP established hash table entries: 8192 (order: 4, 65536 bytes)
[    0.646095] TCP bind hash table entries: 8192 (order: 5, 131072 bytes)
[    0.650628] TCP: Hash tables configured (established 8192 bind 8192)
[    0.655433] UDP hash table entries: 512 (order: 2, 16384 bytes)
[    0.659420] UDP-Lite hash table entries: 512 (order: 2, 16384 bytes)
[    0.663709] NET: Registered protocol family 1
[    0.666758] pci 0000:00:00.0: Limiting direct PCI/PCI transfers
[    0.670111] pci 0000:00:01.0: Activating ISA DMA hang workarounds
[    0.673580] pci 0000:00:02.0: Video device with shadowed ROM at [mem 0x000c0000-0x000dffff]
[    0.678355] Unpacking initramfs...
[    1.112112] Freeing initrd memory: 19216K
[    1.115968] clocksource: tsc: mask: 0xffffffffffffffff max_cycles: 0x2e02cc61d1f, max_idle_ns: 440795332860 ns
[    1.122742] platform rtc_cmos: registered platform RTC device (no PNP device found)
[    1.127276] Scanning for low memory corruption every 60 seconds
[    1.132249] Initialise system trusted keyrings
[    1.134725] Key type blacklist registered
[    1.137168] workingset: timestamp_bits=36 max_order=18 bucket_order=0
[    1.142660] zbud: loaded
[    1.145384] squashfs: version 4.0 (2009/01/31) Phillip Lougher
[    1.149588] fuse init (API version 7.26)
[    1.154259] Key type asymmetric registered
[    1.157107] Asymmetric key parser 'x509' registered
[    1.159777] Block layer SCSI generic (bsg) driver version 0.4 loaded (major 246)
[    1.164889] io scheduler noop registered
[    1.167079] io scheduler deadline registered
[    1.169667] io scheduler cfq registered (default)
[    1.172686] ACPI: AC Adapter [AC] (on-line)
[    1.175051] input: Power Button as /devices/LNXSYSTM:00/LNXPWRBN:00/input/input0
[    1.179504] ACPI: Power Button [PWRF]
[    1.181974] input: Sleep Button as /devices/LNXSYSTM:00/LNXSLPBN:00/input/input1
[    1.186135] ACPI: Sleep Button [SLPF]
[    1.188703] Serial: 8250/16550 driver, 32 ports, IRQ sharing enabled
[    1.196133] 00:02: ttyS0 at I/O 0x3f8 (irq = 4, base_baud = 115200) is a 16550A
[    1.225353] Linux agpgart interface v0.103
[    1.234632] loop: module loaded
[    1.237871] scsi host0: ata_piix
[    1.240273] scsi host1: ata_piix
[    1.242563] ata1: PATA max UDMA/33 cmd 0x1f0 ctl 0x3f6 bmdma 0xd000 irq 14
[    1.246779] ata2: PATA max UDMA/33 cmd 0x170 ctl 0x376 bmdma 0xd008 irq 15
[    1.252429] libphy: Fixed MDIO Bus: probed
[    1.255076] tun: Universal TUN/TAP device driver, 1.6
[    1.258110] PPP generic driver version 2.4.2
[    1.260616] ehci_hcd: USB 2.0 'Enhanced' Host Controller (EHCI) Driver
[    1.264201] ehci-pci: EHCI PCI platform driver
[    1.266636] ehci-platform: EHCI generic platform driver
[    1.269592] ohci_hcd: USB 1.1 'Open' Host Controller (OHCI) Driver
[    1.273053] ohci-pci: OHCI PCI platform driver
[    1.275525] ohci-platform: OHCI generic platform driver
[    1.279167] uhci_hcd: USB Universal Host Controller Interface driver
[    1.283045] i8042: PNP: PS/2 Controller [PNP0303:PS2K,PNP0f03:PS2M] at 0x60,0x64 irq 1,12
[    1.290296] serio: i8042 KBD port at 0x60,0x64 irq 1
[    1.293751] serio: i8042 AUX port at 0x60,0x64 irq 12
[    1.296670] mousedev: PS/2 mouse device common for all mice
[    1.300989] input: AT Translated Set 2 keyboard as /devices/platform/i8042/serio0/input/input2
[    1.306620] rtc_cmos rtc_cmos: rtc core: registered rtc_cmos as rtc0
[    1.311881] rtc_cmos rtc_cmos: alarms up to one day, 114 bytes nvram
[    1.316476] i2c /dev entries driver
[    1.318489] device-mapper: uevent: version 1.0.3
[    1.321879] device-mapper: ioctl: 4.37.0-ioctl (2017-09-20) initialised: dm-devel@redhat.com
[    1.326659] ledtrig-cpu: registered to indicate activity on CPUs
[    1.330676] NET: Registered protocol family 10
[    1.335785] Segment Routing with IPv6
[    1.338388] NET: Registered protocol family 17
[    1.341695] Key type dns_resolver registered
[    1.344466] mce: Using 0 MCE banks
[    1.346424] RAS: Correctable Errors collector initialized.
[    1.349537] sched_clock: Marking stable (1349495646, 0)->(1834650793, -485155147)
[    1.353810] registered taskstats version 1
[    1.356174] Loading compiled-in X.509 certificates
[    1.360272] Loaded X.509 cert 'Build time autogenerated kernel key: be62403dcace2d46f96dafa9f42421c610ef3c2a'
[    1.367599] zswap: loaded using pool lzo/zbud
[    1.372750] Key type big_key registered
[    1.374917] Key type trusted registered
[    1.378957] Key type encrypted registered
[    1.381363] AppArmor: AppArmor sha1 policy hashing enabled
[    1.384538] ima: No TPM chip found, activating TPM-bypass! (rc=-19)
[    1.387895] ima: Allocated hash algorithm: sha1
[    1.391520] evm: HMAC attrs: 0x1
[    1.394192]   Magic number: 13:544:927
[    1.396623] rtc_cmos rtc_cmos: setting system clock to 2021-03-11 08:55:44 UTC (1615452944)
[    1.401216] BIOS EDD facility v0.16 2004-Jun-25, 0 devices found
[    1.404561] EDD information not available.
[    1.454886] Freeing unused kernel image memory: 2436K
[    1.464260] Write protecting the kernel read-only data: 20480k
[    1.468447] Freeing unused kernel image memory: 2008K
[    1.471634] Freeing unused kernel image memory: 1872K
[    1.479421] x86/mm: Checked W+X mappings: passed, no W+X pages found.
[    1.483965] x86/mm: Checking user space page tables
[    1.491921] x86/mm: Checked W+X mappings: passed, no W+X pages found.
Loading, please wait...
starting version 237
[    1.585810] e1000: Intel(R) PRO/1000 Network Driver - version 7.3.21-k8-NAPI
[    1.590550] e1000: Copyright (c) 1999-2006 Intel Corporation.
[    1.596983] Fusion MPT base driver 3.04.20
[    1.600045] Copyright (c) 1999-2008 LSI Corporation
[    1.627790] Fusion MPT SPI Host driver 3.04.20
[    1.653621] mptbase: ioc0: Initiating bringup
[    1.754730] ioc0: LSI53C1030 A0: Capabilities={Initiator}
[    1.834663] input: ImExPS/2 Generic Explorer Mouse as /devices/platform/i8042/serio1/input/input4
[    2.015216] scsi host2: ioc0: LSI53C1030 A0, FwRev=00000000h, Ports=1, MaxQ=256, IRQ=20
[    2.191059] scsi 2:0:0:0: Direct-Access     VBOX     HARDDISK         1.0  PQ: 0 ANSI: 5
[    2.196935] scsi target2:0:0: Beginning Domain Validation
[    2.202319] random: fast init done
[    2.207000] scsi target2:0:0: Domain Validation skipping write tests
[    2.211639] scsi target2:0:0: Ending Domain Validation
[    2.215431] scsi target2:0:0: asynchronous
[    2.220101] scsi 2:0:1:0: Direct-Access     VBOX     HARDDISK         1.0  PQ: 0 ANSI: 5
[    2.225435] scsi target2:0:1: Beginning Domain Validation
[    2.308823] scsi target2:0:1: Domain Validation skipping write tests
[    2.313019] scsi target2:0:1: Ending Domain Validation
[    2.323572] scsi target2:0:1: asynchronous
[    2.443966] sd 2:0:0:0: Attached scsi generic sg0 type 0
[    2.448647] random: systemd-udevd: uninitialized urandom read (16 bytes read)
[    2.452777] sd 2:0:0:0: [sda] 20971520 512-byte logical blocks: (10.7 GB/10.0 GiB)
[    2.457822] sd 2:0:1:0: Attached scsi generic sg1 type 0
[    2.463040] sd 2:0:1:0: [sdb] 20480 512-byte logical blocks: (10.5 MB/10.0 MiB)
[    2.468256] sd 2:0:0:0: [sda] Write Protect is off
[    2.478179] sd 2:0:0:0: [sda] Incomplete mode parameter data
[    2.481955] sd 2:0:0:0: [sda] Assuming drive cache: write through
[    2.485623] sd 2:0:1:0: [sdb] Write Protect is off
[    2.488569] random: systemd-udevd: uninitialized urandom read (16 bytes read)
[    2.492766] sd 2:0:1:0: [sdb] Incomplete mode parameter data
[    2.497365] sd 2:0:1:0: [sdb] Assuming drive cache: write through
[    2.501008] random: systemd-udevd: uninitialized urandom read (16 bytes read)
[    2.515411]  sda: sda1
[    2.521222] sd 2:0:0:0: [sda] Attached SCSI disk
[    2.525441] sd 2:0:1:0: [sdb] Attached SCSI disk
[    2.919312] e1000 0000:00:03.0 eth0: (PCI:33MHz:32-bit) 02:60:71:1d:34:36
[    2.924217] e1000 0000:00:03.0 eth0: Intel(R) PRO/1000 Network Connection
[    3.511954] e1000 0000:00:08.0 eth1: (PCI:33MHz:32-bit) 08:00:27:f6:2d:10
[    3.517058] e1000 0000:00:08.0 eth1: Intel(R) PRO/1000 Network Connection
[    3.522129] e1000 0000:00:08.0 enp0s8: renamed from eth1
[    3.531767] e1000 0000:00:03.0 enp0s3: renamed from eth0
Begin: Loading essential drivers ... [    5.568060] raid6: sse2x1   gen() 13869 MB/s
[    5.620451] raid6: sse2x1   xor() 10116 MB/s
[    5.676113] raid6: sse2x2   gen() 16202 MB/s
[    5.728227] raid6: sse2x2   xor() 11356 MB/s
[    5.782125] raid6: sse2x4   gen() 18777 MB/s
[    5.836150] raid6: sse2x4   xor() 12630 MB/s
[    5.840122] raid6: using algorithm sse2x4 gen() 18777 MB/s
[    5.844069] raid6: .... xor() 12630 MB/s, rmw enabled
[    5.847142] raid6: using ssse3x2 recovery algorithm
[    5.851861] xor: measuring software checksum speed
[    5.953775]    prefetch64-sse: 62373.000 MB/sec
[    6.060857]    generic_sse: 59441.000 MB/sec
[    6.064250] xor: using function: prefetch64-sse (62373.000 MB/sec)
[    6.069303] async_tx: api initialized (async)
done.
Begin: Running /scripts/init-premount ... done.
Begin: Mounting root file system ... Begin: Running /scripts/local-top ... done.
Begin: Running /scripts/local-premount ... [    6.126527] Btrfs loaded, crc32c=crc32c-intel
Scanning for Btrfs filesystems
done.
Warning: fsck not present, so skipping root file system
[    6.171614] EXT4-fs (sda1): mounted filesystem with ordered data mode. Opts: (null)
done.
Begin: Running /scripts/local-bottom ... done.
Begin: Running /scripts/init-bottom ... done.
[    6.383973] ip_tables: (C) 2000-2006 Netfilter Core Team
[    6.403036] systemd[1]: systemd 237 running in system mode. (+PAM +AUDIT +SELINUX +IMA +APPARMOR +SMACK +SYSVINIT +UTMP +LIBCRYPTSETUP +GCRYPT +GNUTLS +ACL +XZ +LZ4 +SECCOMP +BLKID +ELFUTILS +KMOD -IDN2 +IDN -PCRE2 default-hierarchy=hybrid)
[    6.416299] systemd[1]: Detected virtualization oracle.
[    6.419644] systemd[1]: Detected architecture x86-64.

Welcome to [1mUbuntu 18.04.5 LTS[0m!

[    6.426893] systemd[1]: Set hostname to <ubuntu>.
[    6.439632] systemd[1]: Initializing machine ID from random generator.
[    6.443971] systemd[1]: Installed transient /etc/machine-id file.
[    6.755750] systemd[1]: Created slice System Slice.
[[0;32m  OK  [0m] Created slice System Slice.
[    6.762357] systemd[1]: Listening on udev Control Socket.
[[0;32m  OK  [0m] Listening on udev Control Socket.
[    6.768978] systemd[1]: Listening on Syslog Socket.
[[0;32m  OK  [0m] Listening on Syslog Socket.
[    6.774795] systemd[1]: Listening on /dev/initctl Compatibility Named Pipe.
[[0;32m  OK  [0m] Listening on /dev/initctl Compatibility Named Pipe.
[[0;32m  OK  [0m] Listening on Device-mapper event daemon FIFOs.
[[0;32m  OK  [0m] Created slice User and Session Slice.
[[0;32m  OK  [0m] Set up automount Arbitrary Executab…rmats File System Automount Point.
[[0;32m  OK  [0m] Listening on udev Kernel Socket.
[[0;32m  OK  [0m] Listening on Journal Socket.
         Mounting POSIX Message Queue File System...
         Starting Uncomplicated firewall...
         Starting Load Kernel Modules...
         Starting Create list of required st…ce nodes for the current kernel...
[[0;32m  OK  [0m] Listening on Journal Audit Socket.
         [    6.857191] Loading iSCSI transport class v2.0-870.
Starting udev Coldplug all Devices...
[[0;32m  OK  [0m] Listening on LVM2 metadata daemon socket.
[[0;32m  OK  [0m] Reached target User and Group Name Lookups.
         Mounting Huge Pages File System...
         Starting Monitoring of LVM2 mirrors…ng dmeventd or progress polling...
[    6.896570] iscsi: registered transport (tcp)
[[0;32m  OK  [0m] Created slice system-serial\x2dgetty.slice.
[[0;32m  OK  [0m] Reached target Slices.
         Starting Remount Root and Kernel File Systems...
         Mounting Kernel Debug File System...
[[0;32m  OK  [0m] Started Forward Password Requests to Wall Directory Watch.
[[0;32m  OK  [0m] Reached target Swap.
[[0;32m  OK  [0m] Listening on Journal Socket (/dev/log).
         Starting Journal Service...
[[0;32m  OK  [0m] Listening on LVM2 poll daemon socket.
         Starting Set the console keyboard layout...
[[0;32m  OK  [0m] Reached target System Time Synchronized.
[[0;32m  OK  [0m] [    6.973090] iscsi: registered transport (iser)
Listening on Network Service Netlink Socket.
[[0;32m  OK  [0m] Mounted POSIX Message Queue File System.
[[0;32m  OK  [0m] Started Uncomplicated firewall.
[[0;32m  OK  [0m] Started Load Kernel Modules.
[[0;32m  OK  [0m] Started Create list of required sta…vice nodes for the current kernel.
[[0;32m  OK  [0m] Mounted Huge Pages File System.[    7.006826] EXT4-fs (sda1): re-mounted. Opts: (null)

[[0;32m  OK  [0m] Started Remount Root and Kernel File Systems.
[[0;32m  OK  [0m] Mounted Kernel Debug File System.
[[0;32m  OK  [0m] Started LVM2 metadata daemon.
         Starting Load/Save Random Seed...
         Starting Create Static Device Nodes in /dev...
         Starting Apply Kernel Variables...
         Mounting Kernel Configuration File System...
         Mounting FUSE Control File System...
[[0;32m  OK  [0m] Started Journal Service.
[[0;32m  OK  [0m] Started Monitoring of LVM2 mirrors,…sing dmeventd or progress polling.
[[0;32m  OK  [0m] Started udev Coldplug all Devices.
[[0;32m  OK  [0m] Started Load/Save Random Seed.
[[0;32m  OK  [0m] Mounted Kernel Configuration File System.
[[0;32m  OK  [0m] Mounted FUSE Control File System.
         Starting Flush Journal to Persistent Storage...
[[0;32m  OK  [0m] Started Apply Kernel Variables.
[[0;32m  OK  [0m] Started Create Static Device Nodes in /dev.
         Starting udev Kernel Device Manager...
[[0;32m  OK  [0m] Started Flush Journal to Persistent Storage.
[[0;32m  OK  [0m] Started udev Kernel Device Manager.
[[0;32m  OK  [0m] Found device /dev/ttyS0.
[[0;32m  OK  [0m] Listening on Load/Save RF Kill Switch Status /dev/rfkill Watch.
[[0;32m  OK  [0m] Started Set the console keyboard layout.
[[0;32m  OK  [0m] Started Dispatch Password Requests to Console Directory Watch.
[[0;32m  OK  [0m] Reached target Local Encrypted Volumes.
[[0;32m  OK  [0m] Reached target Local File Systems (Pre).
[[0;32m  OK  [0m] Reached target Local File Systems.
         Starting Tell Plymouth To Write Out Runtime Data...
         Starting AppArmor initialization...
         Starting Commit a transient machine-id on disk...
         Starting Set console font and keymap...
         Starting Create Volatile Files and Directories...
         Starting ebtables ruleset management...
[[0;32m  OK  [0m] Started Tell Plymouth To Write Out Runtime Data.
[[0;32m  OK  [0m] Started Set console font and keymap.
[[0;32m  OK  [0m] Started Commit a transient machine-id on disk.
[[0;32m  OK  [0m] Started Create Volatile Files and Directories.
         Starting Update UTMP about System Boot/Shutdown...
[[0;32m  OK  [0m] Started Update UTMP about System Boot/Shutdown.
[[0;32m  OK  [0m] Started ebtables ruleset management.
[[0;32m  OK  [0m] Started AppArmor initialization.
         Starting Initial cloud-init job (pre-networking)...
         Starting Load AppArmor profiles managed internally by snapd...
[[0;32m  OK  [0m] Started Load AppArmor profiles managed internally by snapd.
[   10.477421] cloud-init[586]: Cloud-init v. 20.3-2-g371b392c-0ubuntu1~18.04.1 running 'init-local' at Thu, 11 Mar 2021 08:55:53 +0000. Up 10.14 seconds.
[[0;32m  OK  [0m] Started Initial cloud-init job (pre-networking).
[[0;32m  OK  [0m] Reached target Network (Pre).
         Starting Network Service...
[[0;32m  OK  [0m] Started Network Service.
         Starting Wait for Network to be Configured...
         Starting Network Name Resolution...
[[0;32m  OK  [0m] Started Network Name Resolution.
[[0;32m  OK  [0m] Reached target Host and Network Name Lookups.
[[0;32m  OK  [0m] Reached target Network.
[[0;32m  OK  [0m] Started Wait for Network to be Configured.
         Starting Initial cloud-init job (metadata service crawler)...
[   13.014983] cloud-init[697]: Cloud-init v. 20.3-2-g371b392c-0ubuntu1~18.04.1 running 'init' at Thu, 11 Mar 2021 08:55:56 +0000. Up 12.91 seconds.
[   13.026184] cloud-init[697]: ci-info: ++++++++++++++++++++++++++++++++++++++Net device info+++++++++++++++++++++++++++++++++++++++
[   13.034580] cloud-init[697]: ci-info: +--------+-------+----------------------------+---------------+--------+-------------------+
[   13.044611] cloud-init[697]: ci-info: | Device |   Up  |          Address           |      Mask     | Scope  |     Hw-Address    |
[   13.055641] cloud-init[697]: ci-info: +--------+-------+----------------------------+---------------+--------+-------------------+
[   13.065864] cloud-init[697]: ci-info: | enp0s3 |  True |         10.0.2.15          | 255.255.255.0 | global | 02:60:71:1d:34:36 |
[   13.076471] cloud-init[697]: ci-info: | enp0s3 |  True | fe80::60:71ff:fe1d:3436/64 |       .       |  link  | 02:60:71:1d:34:36 |
[   13.081836] cloud-init[697]: ci-info: | enp0s8 | False |             .              |       .       |   .    | 08:00:27:f6:2d:10 |
[   13.088568] cloud-init[697]: ci-info: |   lo   |  True |         127.0.0.1          |   255.0.0.0   |  host  |         .         |
[   13.100232] cloud-init[697]: ci-info: |   lo   |  True |          ::1/128           |       .       |  host  |         .         |
[   13.109972] cloud-init[697]: ci-info: +--------+-------+----------------------------+---------------+--------+-------------------+
[   13.114980] cloud-init[697]: ci-info: ++++++++++++++++++++++++++++Route IPv4 info+++++++++++++++++++++++++++++
[   13.120914] cloud-init[697]: ci-info: +-------+-------------+----------+-----------------+-----------+-------+
[   13.126373] cloud-init[697]: ci-info: | Route | Destination | Gateway  |     Genmask     | Interface | Flags |
[   13.134019] cloud-init[697]: ci-info: +-------+-------------+----------+-----------------+-----------+-------+
[   13.144572] cloud-init[697]: ci-info: |   0   |   0.0.0.0   | 10.0.2.2 |     0.0.0.0     |   enp0s3  |   UG  |
[   13.154048] cloud-init[697]: ci-info: |   1   |   10.0.2.0  | 0.0.0.0  |  255.255.255.0  |   enp0s3  |   U   |
[   13.162487] cloud-init[697]: ci-info: |   2   |   10.0.2.2  | 0.0.0.0  | 255.255.255.255 |   enp0s3  |   UH  |
[   13.172516] cloud-init[697]: ci-info: +-------+-------------+----------+-----------------+-----------+-------+
[   13.180951] cloud-init[697]: ci-info: +++++++++++++++++++Route IPv6 info+++++++++++++++++++
[   13.185769] cloud-init[697]: ci-info: +-------+-------------+---------+-----------+-------+
[   13.208392] cloud-init[697]: ci-info: | Route | Destination | Gateway | Interface | Flags |
[   13.214117] cloud-init[697]: ci-info: +-------+-------------+---------+-----------+-------+
[   13.228495] cloud-init[697]: ci-info: |   1   |  fe80::/64  |    ::   |   enp0s3  |   U   |
[   13.239945] cloud-init[697]: ci-info: |   3   |    local    |    ::   |   enp0s3  |   U   |
[   13.252409] cloud-init[697]: ci-info: |   4   |   ff00::/8  |    ::   |   enp0s3  |   U   |
[   13.263781] cloud-init[697]: ci-info: +-------+-------------+---------+-----------+-------+
[   13.735506] cloud-init[697]: Generating public/private rsa key pair.
[   13.744887] cloud-init[697]: Your identification has been saved in /etc/ssh/ssh_host_rsa_key.
[   13.756228] cloud-init[697]: Your public key has been saved in /etc/ssh/ssh_host_rsa_key.pub.
[   13.765671] cloud-init[697]: The key fingerprint is:
[   13.769465] cloud-init[697]: SHA256:52iN6eRmbV+bd75WaSX4m873Xe0tbG1BZzpiGjHaBEs root@ubuntu-bionic
[   13.788245] cloud-init[697]: The key's randomart image is:
[   13.792437] cloud-init[697]: +---[RSA 2048]----+
[   13.795266] cloud-init[697]: |                 |
[   13.804933] cloud-init[697]: |        E        |
[[0;32m  OK  [0m] Started Initial cloud-init job (metadata service crawler).
[   13.812282] cloud-init[697]: |       . o   .   |
[   13.815725] [[0;32m  OK  [0m] Reached target System Initialization.
         cloud-init[697]: |        . + . ..+|
[   13.823624] Starting Socket activation for snappy daemon.
[[0;32m  OK  [0m] Listening on UUID daemon activation socket.cloud-init[697]: |        S+.o ..++|
[[0;32m  OK  [0m] Started Daily Cleanup of Temporary Directories.

[   13.843041] cloud-init[[0;32m  OK  [0m] Started ACPI Events Check.
[[0;32m  OK  [0m] Listening on D-Bus System Message Bus Socket.
[697]: |        .Bo o ++o|
[[0;32m  OK  [0m] Started Discard unused blocks once a week.
[   13.857811] cloud-init[697]: |        *.o+ oo==|[[0;32m  OK  [0m] Reached target Paths.
[[0;32m  OK  [0m] Listening on Open-iSCSI iscsid Socket.
[   13.865349] cloud-init[697]: |       =o +  o*=X|

[[0;32m  OK  [0m] Started Message of the Day.
[   13.872399] cloud-init[697]: |       oo. ..o*BX|
[   13.875499] cloud-init         Starting LXD - unix socket.
[[697]: +----[SHA256]-----+
[   13.882171] cloud-init[697]: Generating public/private dsa key pair.[0;32m  OK  [0m] Started Daily apt download activities.
[[0;32m  OK  [0m] Started Daily apt upgrade and clean activities.
[
[0;32m  OK  [0m] Reached target Timers.
[[   13.900492] cloud-init[697]: Your identification has been saved in /etc/ssh/ssh_host_dsa_key.
[0;32m  OK  [0m] Listening on ACPID Listen Socket.
[[0;32m  OK  [0m] Reached target Network is Online.
[   13.912608] cloud-init[697]: Your public key has been saved in /etc/ssh/ssh_host_dsa_key.pub.
[[0;32m  OK  [0m] Reached target Remote File Systems (Pre).
[[   13.920404] cloud-init[697]: The key fingerprint is:
[   13.923493] [0;32m  OK  [0m] Reached target Remote File Systems.
         cloud-init[697]: SHA256:uuWDNBcwVb3/n7BN5pUi8Bw8s8n38Y0BrfCvJLa3zug root@ubuntu-bionic
[   13.931445] Starting Availability of block devices...
[[0;32m  OK  [0m] Reached target Cloud-config availability.cloud-init[697]: The key's randomart image is:
[   13.939254] cloud-init
[[0;32m  OK  [0m] Listening on Socket activation for snappy daemon.
[[0;32m  OK  [0m] Listening on LXD - unix socket.[697]: 
[[0;32m  OK  [0m] Started Availability of block devices.
[[0;32m  OK  [0m] Reached target Sockets.
+---[DSA 1024]----+
[   13.960060] [[0;32m  OK  [0m] Reached target Basic System.
cloud-init[[0;32m  OK  [0m] Started D-Bus System Message Bus.
[697]: |       .....     |
[   13.971408] cloud-init[697]: |      o     .    |
[   13.985128] cloud-init[697]: |       o     .   |
[   13.991723] cloud-init[697]: |        . . ..   |
[   14.001461] cloud-init[697]: |        So.=...  |
[   14.012884] cloud-init[697]: |      o.. =o*o. .|
[   14.016896] cloud-init[[0;32m  OK  [0m] Started Regular background program processing daemon.
         Starting LSB: automatic crash report generation...
[697]: |     ..+. oB++.*.|
[[0;32m  OK  [0m] Started FUSE filesystem for LXC.
         Starting LSB: Record successful boot for GRUB...
[   14.040581] cloud-init[697]: |      .+.. *+.XoB|
[   14.049168] cloud-init[697]: |      . .oEo=+o==|
[   14.056407] cloud-init[697]: +----[SHA256]-----+
[   14.064403] cloud-init[697]: Generating public/private ecdsa key pair.
[   14.076415] cloud-init[697]: Your identification has been saved in /etc/ssh/ssh_host_ecdsa_key.         Starting Dispatcher daemon for systemd-networkd...
         Starting Virtualbox guest utils...
[[0;32m  OK  [0m] Started Deferred execution scheduler.
         Starting System Logging Service...
         Starting Pollinate to seed the pseudo random number generator...
         Starting Permit User Sessions...
         Starting LXD - container startup/shutdown...

         Starting Login Service...
[   14.131838] cloud-init[697]: Your public key has been saved in /etc/ssh/ssh_host_ecdsa_key.pub.
[   14.145016] cloud-init[697]: The key fingerprint is:
[   14.162543] cloud-init[697]: SHA256:hGfCxzvjT1ukfH5GckR1AFHhnvyS4RRuOVqi7gnNpX0 root@ubuntu-bionic
[[0;32m  OK  [0m] Started irqbalance daemon.
         Starting Accounts Service...
[   14.184892] cloud-init[697]: The key's randomart image is:
[   14.195440] cloud-init[697]: +---[ECDSA 256]---+
[   14.203639] cloud-init[697]: |            o+++o|
[   14.217128] cloud-init[697]:          Starting Snap Daemon...
[[0;32m  OK  [0m] Started System Logging Service.
|     . o     .. .|[[0;32m  OK  [0m] Started Permit User Sessions.

[   14.251101] cloud-init[697]: [[0;32m  OK  [0m] Started Login Service.
[[0;32m  OK  [0m] Started Unattended Upgrades Shutdown.
         Starting Hold until boot process finishes up...|      + *    .o  |
         Starting Terminate Plymouth Boot Screen...

[[0;32m  OK  [0m] Started Hold until boot process finishes up.
         Starting Set console scheme...
[[0;32m  OK  [0m] Started Serial Getty on ttyS0.
[[0;32m  OK  [0m] Started Terminate Plymouth Boot Screen.
[   14.321240] cloud-init[697]: |       * .   +.+ |
[   14.337150] cloud-init[697]: |        S   +.%  |
[   14.348667] cloud-init[697]: |       . * B.Bo= |
[   14.361716] cloud-init[697]: |        o O =+E .|
[   14.377767] cloud-init[697]: |         = * .o. |
[   14.390293] cloud-init[697]: |         .* .o   |
[   14.400544] cloud-init[697]: +----[SHA256]-----+
[   14.409455] cloud-init[697]: Generating public/private ed25519 key pair.
[   14.425826] cloud-init[697]: Your identification has been saved in /etc/ssh/ssh_host_ed25519_key.
[   14.441652] cloud-init[697]: Your public key has been saved in /etc/ssh/ssh_host_ed25519_key.pub.
[   14.456126] cloud-init[697]: The key fingerprint is:
[   14.467111] cloud-init[697]: [[0;32m  OK  [0m] Started Set console scheme.
[[0;32m  OK  [0m] Created slice system-getty.slice.
[[0;32m  OK  [0m] Started Getty on tty1.
SHA256:bbz+IUpCmwyRbGnaepa1e7uCRAlQhN4cwEGEDYI8OdQ root@ubuntu-bionic[[0;32m  OK  [0m] Reached target Login Prompts.

         Starting Authorization Manager...
[   14.522579] cloud-init[697]: The key's randomart image is:
[[0;32m  OK  [0m] Started LSB: automatic crash report generation.
[   14.560446] cloud-init[697]: +--[ED25519 256]--+
[   14.580184] cloud-init[697]: |%&B              |
[   14.592228] cloud-init[697]: |=*oE o           |
[   14.608630] cloud-init[697]: |. =.O.           |
[   14.722558] cloud-init[697]: | . Bo.   o       |
[   14.735551] cloud-init[697]: |  ..o o S +      |
[   14.751068] cloud-init[697]: |   ..* + . .     |
[   14.769715] cloud-init[697]: |  ..+.* . o .    |
[[0;32m  OK  [0m] Started LSB: Record successful boot for GRUB.
[   14.801170] cloud-init[[0;32m  OK  [0m] Started Authorization Manager.
[[0;32m  OK  [0m] Started Accounts Service.
[697]: |   o. .+.o . .   |
[   14.834959] cloud-init[697]: |      .o+o...    |[[0;32m  OK  [0m] Started LXD - container startup/shutdown.

[   14.863763] cloud-init[697]: +----[SHA256]-----+
[[0;32m  OK  [0m] Started Virtualbox guest utils.
[[0;32m  OK  [0m] Started Dispatcher daemon for systemd-networkd.
[[0;32m  OK  [0m] Started Snap Daemon.
         Starting Wait until snapd is fully seeded...
[[0;32m  OK  [0m] Started Pollinate to seed the pseudo random number generator.
         Starting OpenBSD Secure Shell server...
[[0;32m  OK  [0m] Started OpenBSD Secure Shell server.
[[0;32m  OK  [0m] Started Wait until snapd is fully seeded.
         Starting Apply the settings specified in cloud-config...
[[0;32m  OK  [0m] Reached target Multi-User System.
[[0;32m  OK  [0m] Reached target Graphical Interface.
         Starting Update UTMP about System Runlevel Changes...
[[0;32m  OK  [0m] Started Update UTMP about System Runlevel Changes.
[[0;32m  OK  [0m] Created slice User Slice of vagrant.
         Starting User Manager for UID 1000...
[[0;32m  OK  [0m] Started Session 1 of user vagrant.
[[0;32m  OK  [0m] Started User Manager for UID 1000.
[   18.529464] cloud-init[1069]: Cloud-init v. 20.3-2-g371b392c-0ubuntu1~18.04.1 running 'modules:config' at Thu, 11 Mar 2021 08:56:00 +0000. Up 17.73 seconds.
[[0;32m  OK  [0m] Started Apply the settings specified in cloud-config.
         Starting Execute cloud user/final scripts...
ci-info: no authorized SSH keys fingerprints found for user ubuntu.
<14>Mar 11 08:56:02 ec2: 
<14>Mar 11 08:56:02 ec2: #############################################################
<14>Mar 11 08:56:02 ec2: -----BEGIN SSH HOST KEY FINGERPRINTS-----
<14>Mar 11 08:56:02 ec2: 1024 SHA256:uuWDNBcwVb3/n7BN5pUi8Bw8s8n38Y0BrfCvJLa3zug root@ubuntu-bionic (DSA)
<14>Mar 11 08:56:02 ec2: 256 SHA256:hGfCxzvjT1ukfH5GckR1AFHhnvyS4RRuOVqi7gnNpX0 root@ubuntu-bionic (ECDSA)
<14>Mar 11 08:56:02 ec2: 256 SHA256:bbz+IUpCmwyRbGnaepa1e7uCRAlQhN4cwEGEDYI8OdQ root@ubuntu-bionic (ED25519)
<14>Mar 11 08:56:02 ec2: 2048 SHA256:52iN6eRmbV+bd75WaSX4m873Xe0tbG1BZzpiGjHaBEs root@ubuntu-bionic (RSA)
<14>Mar 11 08:56:02 ec2: -----END SSH HOST KEY FINGERPRINTS-----
<14>Mar 11 08:56:02 ec2: #############################################################
-----BEGIN SSH HOST KEY KEYS-----
ecdsa-sha2-nistp256 AAAAE2VjZHNhLXNoYTItbmlzdHAyNTYAAAAIbmlzdHAyNTYAAABBBBqmzhqgSPDlolgBr4UnBKMBDuzXGrDv3Dbrj5RA7Yg8u90NRJxU0TWCiP6Cz/OKMHQiWkILQIvfXH34OBo7YlI= root@ubuntu-bionic
ssh-ed25519 AAAAC3NzaC1lZDI1NTE5AAAAIJ1TgbCj7r29SJyvrPdvoCNJzo+7Lcbu+qk9cE9ZKKy+ root@ubuntu-bionic
ssh-rsa AAAAB3NzaC1yc2EAAAADAQABAAABAQDfoHlbIBabUa/vF4+ESf4KsOcexSq6F8Es2lol0oM5fyiM6rq3ny4l0JoqFpVmh/mA/gI8SOYkffz/mBfcB0n0MOzomejeLz9ojqaE4t+I/QFC1VGp3yP5flKmB6XGcD3dLAqj5Vpfo9EWzkLshlAM3BsPTA9RkFT8SE57UM7ckPGvNBkkTxBUllon+S0k4rKEY9U/R/sNAggyVF0W5lpM5zxzlhN8swhJjTNfm0Nr/7zxrv2LlRXn/r9XThPHhX3/Kxm9zqf1O3tioC4HrRuDXKymTBvBdn7ITRrE5n181T5DhybTNF44AjjqGacUgCd/+rvfV063pYxpOWMgUe5D root@ubuntu-bionic
-----END SSH HOST KEY KEYS-----
[   19.596254] cloud-init[1171]: Cloud-init v. 20.3-2-g371b392c-0ubuntu1~18.04.1 running 'modules:final' at Thu, 11 Mar 2021 08:56:02 +0000. Up 19.16 seconds.
[   19.633363] cloud-init[1171]: ci-info: no authorized SSH keys fingerprints found for user ubuntu.
[   19.641923] cloud-init[1171]: Cloud-init v. 20.3-2-g371b392c-0ubuntu1~18.04.1 finished at Thu, 11 Mar 2021 08:56:02 +0000. Datasource DataSourceNoCloud [seed=/dev/sdb][dsmode=net].  Up 19.58 seconds

Ubuntu 18.04.5 LTS ubuntu-bionic ttyS0

ubuntu-bionic login: 